GENOME NON_GENOME PIN 19: GENOME NON_GENOME PIN 20 GENOME NON_GENOME PIN 21
GENOME NON_GENOME PIN 20: GENOME NON_GENOME PIN 19
GENOME NON_GENOME PIN 21: GENOME NON_GENOME PIN 19
GENOME NON_GENOME PIN 23: GENOME NON_GENOME PIN 24 GENOME NON_GENOME PIN 25
GENOME NON_GENOME PIN 24: GENOME NON_GENOME PIN 23 GENOME NON_GENOME PIN 25
GENOME NON_GENOME PIN 25: GENOME NON_GENOME PIN 23 GENOME NON_GENOME PIN 24
GENOME NON_GENOME PIN 27: GENOME NON_GENOME PIN 28 GENOME NON_GENOME PIN 29
GENOME NON_GENOME PIN 28: GENOME NON_GENOME PIN 27 GENOME NON_GENOME PIN 38
GENOME NON_GENOME PIN 29: GENOME NON_GENOME PIN 27
INST top_module__GC0 PIN 19: INST top_module__GC0 PIN 20 TYPE 2 INST NON_GENOME PIN 4 TYPE 4 INST top_module__GC0 PIN 21 TYPE 2 INST NON_GENOME PIN 5 TYPE 4
INST top_module__GC0 PIN 23: INST top_module__GC0 PIN 24 TYPE 2 INST NON_GENOME PIN 8 TYPE 4 INST top_module__GC0 PIN 25 TYPE 2 INST NON_GENOME PIN 9 TYPE 4
INST top_module__GC0 PIN 27: INST top_module__GC0 PIN 28 TYPE 2 INST NON_GENOME PIN 12 TYPE 4 INST top_module__GC0 PIN 29 TYPE 2 INST NON_GENOME PIN 13 TYPE 4
INST top_module__GC0 PIN 20: GENOME top_module__GC0 PIN 20
INST top_module__GC0 PIN 21: GENOME top_module__GC0 PIN 21
INST top_module__GC0 PIN 24: GENOME top_module__GC0 PIN 24
INST top_module__GC0 PIN 25: GENOME top_module__GC0 PIN 25
INST top_module__GC0 PIN 28: GENOME top_module__GC0 PIN 28
INST top_module__GC0 PIN 29: GENOME top_module__GC0 PIN 29
INST tetris_logic__GB4 PIN 10: INST tetris_logic__GB4 PIN 14 TYPE 2 INST tetris_logic__GB6 PIN 541 TYPE 4 INST tetris_logic__GB5 PIN 385 TYPE 4 INST tetris_logic__GB3 PIN 584 TYPE 4 INST tetris_logic__GB2 PIN 711 TYPE 4 INST tetris_logic__GB1 PIN 1091 TYPE 4 INST tetris_logic__GB0 PIN 2346 TYPE 4
INST tetris_logic__GB0 PIN 125: INST tetris_logic__GB5 PIN 412 TYPE 0 INST tetris_logic__GB4 PIN 532 TYPE 0 INST tetris_logic__GB2 PIN 1534 TYPE 0 INST tetris_logic__GB1 PIN 1764 TYPE 0 GENOME tetris_logic__GB0 PIN 125
INST tetris_logic__GB0 PIN 126: INST tetris_logic__GB5 PIN 413 TYPE 0 INST tetris_logic__GB4 PIN 533 TYPE 0 INST tetris_logic__GB2 PIN 1535 TYPE 0 INST tetris_logic__GB1 PIN 1765 TYPE 0 GENOME tetris_logic__GB0 PIN 126
INST tetris_logic__GB0 PIN 127: INST tetris_logic__GB5 PIN 414 TYPE 0 INST tetris_logic__GB4 PIN 534 TYPE 0 INST tetris_logic__GB2 PIN 1536 TYPE 0 INST tetris_logic__GB1 PIN 1766 TYPE 0 GENOME tetris_logic__GB0 PIN 127
INST tetris_logic__GB0 PIN 128: INST tetris_logic__GB5 PIN 415 TYPE 0 INST tetris_logic__GB4 PIN 535 TYPE 0 INST tetris_logic__GB2 PIN 1537 TYPE 0 INST tetris_logic__GB1 PIN 1767 TYPE 0 GENOME tetris_logic__GB0 PIN 128
INST tetris_logic__GB0 PIN 24: INST tetris_logic__GB0 PIN 25 TYPE 2 INST tetris_logic__GB3 PIN 491 TYPE 4 INST tetris_logic__GB2 PIN 1294 TYPE 4
INST tetris_logic__GB0 PIN 8: INST tetris_logic__GB4 PIN 43 TYPE 3 INST tetris_logic__GB2 PIN 1523 TYPE 4
INST tetris_logic__GB4 PIN 38: INST tetris_logic__GB4 PIN 48 TYPE 2 INST tetris_logic__GB2 PIN 1533 TYPE 4 INST tetris_logic__GB4 PIN 28 TYPE 2 INST tetris_logic__GB0 PIN 3931 TYPE 4
INST tetris_logic__GB0 PIN 253: INST tetris_logic__GB0 PIN 476 TYPE 2 INST tetris_logic__GB3 PIN 616 TYPE 4
INST tetris_logic__GB0 PIN 230: INST tetris_logic__GB3 PIN 617 TYPE 0 GENOME tetris_logic__GB0 PIN 230
INST tetris_logic__GB0 PIN 18: INST tetris_logic__GB4 PIN 61 TYPE 3 INST tetris_logic__GB0 PIN 3196 TYPE 4 GENOME tetris_logic__GB0 PIN 18
INST tetris_logic__GB4 PIN 55: INST tetris_logic__GB4 PIN 66 TYPE 2 INST tetris_logic__GB0 PIN 3207 TYPE 4
INST tetris_logic__GB0 PIN 1421: INST top_module__GC0 PIN 88 TYPE 0 GENOME tetris_logic__GB0 PIN 1421
INST tetris_logic__GB0 PIN 25: GENOME tetris_logic__GB0 PIN 25
INST tetris_logic__GB0 PIN 476: GENOME tetris_logic__GB0 PIN 476
INST tetris_logic__GB0 PIN 2346: GENOME tetris_logic__GB0 PIN 2346 INST tetris_logic__GB4 PIN 10 TYPE 5
INST tetris_logic__GB0 PIN 2342: GENOME tetris_logic__GB0 PIN 2342
INST tetris_logic__GB0 PIN 3196: GENOME tetris_logic__GB0 PIN 3196 INST tetris_logic__GB0 PIN 18 TYPE 5
INST tetris_logic__GB0 PIN 3207: GENOME tetris_logic__GB0 PIN 3207 INST tetris_logic__GB4 PIN 55 TYPE 5
INST tetris_logic__GB0 PIN 3026: GENOME tetris_logic__GB0 PIN 3026
GENOME NON_GENOME PIN 253: GENOME NON_GENOME PIN 254 GENOME NON_GENOME PIN 476
GENOME NON_GENOME PIN 254: GENOME NON_GENOME PIN 253
GENOME NON_GENOME PIN 476: GENOME NON_GENOME PIN 253
GENOME NON_GENOME PIN 2342: GENOME NON_GENOME PIN 2346
GENOME NON_GENOME PIN 2346: GENOME NON_GENOME PIN 2342
GENOME NON_GENOME PIN 18: GENOME NON_GENOME PIN 3196
GENOME NON_GENOME PIN 3196: GENOME NON_GENOME PIN 18
GENOME NON_GENOME PIN 3026: GENOME NON_GENOME PIN 3207
GENOME NON_GENOME PIN 3207: GENOME NON_GENOME PIN 3026
INST tetris_logic__GB2 PIN 711: GENOME tetris_logic__GB2 PIN 711 INST tetris_logic__GB4 PIN 10 TYPE 5
INST tetris_logic__GB2 PIN 707: GENOME tetris_logic__GB2 PIN 707
INST tetris_logic__GB2 PIN 1294: GENOME tetris_logic__GB2 PIN 1294 INST tetris_logic__GB0 PIN 24 TYPE 5
INST tetris_logic__GB2 PIN 1293: GENOME tetris_logic__GB2 PIN 1293
INST tetris_logic__GB2 PIN 1528: GENOME tetris_logic__GB2 PIN 1528 INST tetris_logic__GB0 PIN 8 TYPE 5
INST tetris_logic__GB2 PIN 1523: GENOME tetris_logic__GB2 PIN 1523
INST tetris_logic__GB2 PIN 1533: GENOME tetris_logic__GB2 PIN 1533 INST tetris_logic__GB4 PIN 38 TYPE 5
INST tetris_logic__GB2 PIN 1492: GENOME tetris_logic__GB2 PIN 1492
INST tetris_logic__GB2 PIN 1534: GENOME tetris_logic__GB2 PIN 1534
INST tetris_logic__GB2 PIN 1535: GENOME tetris_logic__GB2 PIN 1535
INST tetris_logic__GB2 PIN 1536: GENOME tetris_logic__GB2 PIN 1536
INST tetris_logic__GB2 PIN 1537: GENOME tetris_logic__GB2 PIN 1537
GENOME NON_GENOME PIN 326: GENOME NON_GENOME PIN 327
GENOME NON_GENOME PIN 327: GENOME NON_GENOME PIN 326
GENOME NON_GENOME PIN 707: GENOME NON_GENOME PIN 711
GENOME NON_GENOME PIN 711: GENOME NON_GENOME PIN 707
GENOME NON_GENOME PIN 1293: GENOME NON_GENOME PIN 1294
GENOME NON_GENOME PIN 1294: GENOME NON_GENOME PIN 1293
GENOME NON_GENOME PIN 1523: GENOME NON_GENOME PIN 1528
GENOME NON_GENOME PIN 1528: GENOME NON_GENOME PIN 1523
GENOME NON_GENOME PIN 1492: GENOME NON_GENOME PIN 1533
GENOME NON_GENOME PIN 1533: GENOME NON_GENOME PIN 1492
INST tetris_logic__GB4 PIN 14: GENOME tetris_logic__GB4 PIN 14
INST tetris_logic__GB4 PIN 28: GENOME tetris_logic__GB4 PIN 28
INST tetris_logic__GB4 PIN 43: GENOME tetris_logic__GB4 PIN 43
INST tetris_logic__GB4 PIN 48: GENOME tetris_logic__GB4 PIN 48
INST tetris_logic__GB4 PIN 61: GENOME tetris_logic__GB4 PIN 61
INST tetris_logic__GB4 PIN 66: GENOME tetris_logic__GB4 PIN 66
INST tetris_logic__GB4 PIN 532: GENOME tetris_logic__GB4 PIN 532
INST tetris_logic__GB4 PIN 533: GENOME tetris_logic__GB4 PIN 533
INST tetris_logic__GB4 PIN 534: GENOME tetris_logic__GB4 PIN 534
INST tetris_logic__GB4 PIN 535: GENOME tetris_logic__GB4 PIN 535
GENOME NON_GENOME PIN 10: GENOME NON_GENOME PIN 14
GENOME NON_GENOME PIN 14: GENOME NON_GENOME PIN 10
GENOME NON_GENOME PIN 38: GENOME NON_GENOME PIN 28 GENOME NON_GENOME PIN 523 GENOME NON_GENOME PIN 48
GENOME NON_GENOME PIN 47: GENOME NON_GENOME PIN 37
GENOME NON_GENOME PIN 37: GENOME NON_GENOME PIN 47
GENOME NON_GENOME PIN 523: GENOME NON_GENOME PIN 38 GENOME NON_GENOME PIN 43
GENOME NON_GENOME PIN 522: GENOME NON_GENOME PIN 42
GENOME NON_GENOME PIN 42: GENOME NON_GENOME PIN 522
GENOME NON_GENOME PIN 43: GENOME NON_GENOME PIN 523
GENOME NON_GENOME PIN 48: GENOME NON_GENOME PIN 38
GENOME NON_GENOME PIN 356: GENOME NON_GENOME PIN 55 GENOME NON_GENOME PIN 61
GENOME NON_GENOME PIN 55: GENOME NON_GENOME PIN 356 GENOME NON_GENOME PIN 66
GENOME NON_GENOME PIN 355: GENOME NON_GENOME PIN 60
GENOME NON_GENOME PIN 60: GENOME NON_GENOME PIN 355
GENOME NON_GENOME PIN 61: GENOME NON_GENOME PIN 356
GENOME NON_GENOME PIN 54: GENOME NON_GENOME PIN 65
GENOME NON_GENOME PIN 65: GENOME NON_GENOME PIN 54
GENOME NON_GENOME PIN 66: GENOME NON_GENOME PIN 55
GENOME NON_GENOME PIN 528: GENOME NON_GENOME PIN 74
GENOME NON_GENOME PIN 74: GENOME NON_GENOME PIN 528
INST tetris_logic__GB3 PIN 491: GENOME tetris_logic__GB3 PIN 491 INST tetris_logic__GB0 PIN 24 TYPE 5
INST tetris_logic__GB3 PIN 490: GENOME tetris_logic__GB3 PIN 490
INST tetris_logic__GB3 PIN 584: GENOME tetris_logic__GB3 PIN 584 INST tetris_logic__GB4 PIN 10 TYPE 5
INST tetris_logic__GB3 PIN 580: GENOME tetris_logic__GB3 PIN 580
INST tetris_logic__GB3 PIN 616: GENOME tetris_logic__GB3 PIN 616 INST tetris_logic__GB0 PIN 253 TYPE 5
INST tetris_logic__GB3 PIN 499: GENOME tetris_logic__GB3 PIN 499
INST tetris_logic__GB3 PIN 617: GENOME tetris_logic__GB3 PIN 617
GENOME NON_GENOME PIN 96: GENOME NON_GENOME PIN 97 GENOME NON_GENOME PIN 98 GENOME NON_GENOME PIN 99 GENOME NON_GENOME PIN 100 GENOME NON_GENOME PIN 101 GENOME NON_GENOME PIN 102 GENOME NON_GENOME PIN 103 GENOME NON_GENOME PIN 104 GENOME NON_GENOME PIN 105 GENOME NON_GENOME PIN 106 GENOME NON_GENOME PIN 107 GENOME NON_GENOME PIN 108 GENOME NON_GENOME PIN 109 GENOME NON_GENOME PIN 110 GENOME NON_GENOME PIN 111 GENOME NON_GENOME PIN 112 GENOME NON_GENOME PIN 113 GENOME NON_GENOME PIN 114 GENOME NON_GENOME PIN 115 GENOME NON_GENOME PIN 116 GENOME NON_GENOME PIN 117 GENOME NON_GENOME PIN 118 GENOME NON_GENOME PIN 119 GENOME NON_GENOME PIN 120 GENOME NON_GENOME PIN 121 GENOME NON_GENOME PIN 122
GENOME NON_GENOME PIN 97: GENOME NON_GENOME PIN 96
GENOME NON_GENOME PIN 98: GENOME NON_GENOME PIN 96
GENOME NON_GENOME PIN 99: GENOME NON_GENOME PIN 96
GENOME NON_GENOME PIN 100: GENOME NON_GENOME PIN 96
GENOME NON_GENOME PIN 101: GENOME NON_GENOME PIN 96
GENOME NON_GENOME PIN 102: GENOME NON_GENOME PIN 96
GENOME NON_GENOME PIN 103: GENOME NON_GENOME PIN 96
GENOME NON_GENOME PIN 104: GENOME NON_GENOME PIN 96
GENOME NON_GENOME PIN 105: GENOME NON_GENOME PIN 96
GENOME NON_GENOME PIN 106: GENOME NON_GENOME PIN 96
GENOME NON_GENOME PIN 107: GENOME NON_GENOME PIN 96
GENOME NON_GENOME PIN 108: GENOME NON_GENOME PIN 96
GENOME NON_GENOME PIN 109: GENOME NON_GENOME PIN 96
GENOME NON_GENOME PIN 110: GENOME NON_GENOME PIN 96
GENOME NON_GENOME PIN 111: GENOME NON_GENOME PIN 96
GENOME NON_GENOME PIN 112: GENOME NON_GENOME PIN 96
GENOME NON_GENOME PIN 113: GENOME NON_GENOME PIN 96
GENOME NON_GENOME PIN 114: GENOME NON_GENOME PIN 96
GENOME NON_GENOME PIN 115: GENOME NON_GENOME PIN 96
GENOME NON_GENOME PIN 116: GENOME NON_GENOME PIN 96
GENOME NON_GENOME PIN 117: GENOME NON_GENOME PIN 96
GENOME NON_GENOME PIN 118: GENOME NON_GENOME PIN 96
GENOME NON_GENOME PIN 119: GENOME NON_GENOME PIN 96
GENOME NON_GENOME PIN 120: GENOME NON_GENOME PIN 96
GENOME NON_GENOME PIN 121: GENOME NON_GENOME PIN 96
GENOME NON_GENOME PIN 122: GENOME NON_GENOME PIN 96
GENOME NON_GENOME PIN 490: GENOME NON_GENOME PIN 491
GENOME NON_GENOME PIN 491: GENOME NON_GENOME PIN 490
GENOME NON_GENOME PIN 580: GENOME NON_GENOME PIN 584
GENOME NON_GENOME PIN 584: GENOME NON_GENOME PIN 580
GENOME NON_GENOME PIN 499: GENOME NON_GENOME PIN 616
GENOME NON_GENOME PIN 616: GENOME NON_GENOME PIN 499
INST tetris_logic__GB5 PIN 385: GENOME tetris_logic__GB5 PIN 385 INST tetris_logic__GB4 PIN 10 TYPE 5
INST tetris_logic__GB5 PIN 381: GENOME tetris_logic__GB5 PIN 381
INST tetris_logic__GB5 PIN 412: GENOME tetris_logic__GB5 PIN 412
INST tetris_logic__GB5 PIN 413: GENOME tetris_logic__GB5 PIN 413
INST tetris_logic__GB5 PIN 414: GENOME tetris_logic__GB5 PIN 414
INST tetris_logic__GB5 PIN 415: GENOME tetris_logic__GB5 PIN 415
GENOME NON_GENOME PIN 381: GENOME NON_GENOME PIN 385
GENOME NON_GENOME PIN 385: GENOME NON_GENOME PIN 381
INST tetris_logic__GB1 PIN 1091: GENOME tetris_logic__GB1 PIN 1091 INST tetris_logic__GB4 PIN 10 TYPE 5
INST tetris_logic__GB1 PIN 1087: GENOME tetris_logic__GB1 PIN 1087
INST tetris_logic__GB1 PIN 1764: GENOME tetris_logic__GB1 PIN 1764
INST tetris_logic__GB1 PIN 1765: GENOME tetris_logic__GB1 PIN 1765
INST tetris_logic__GB1 PIN 1766: GENOME tetris_logic__GB1 PIN 1766
INST tetris_logic__GB1 PIN 1767: GENOME tetris_logic__GB1 PIN 1767
GENOME NON_GENOME PIN 1762: GENOME NON_GENOME PIN 4
GENOME NON_GENOME PIN 4: GENOME NON_GENOME PIN 1762
GENOME NON_GENOME PIN 314: GENOME NON_GENOME PIN 313
GENOME NON_GENOME PIN 313: GENOME NON_GENOME PIN 314
GENOME NON_GENOME PIN 276: GENOME NON_GENOME PIN 328
GENOME NON_GENOME PIN 328: GENOME NON_GENOME PIN 276
GENOME NON_GENOME PIN 330: GENOME NON_GENOME PIN 329
GENOME NON_GENOME PIN 329: GENOME NON_GENOME PIN 330
GENOME NON_GENOME PIN 332: GENOME NON_GENOME PIN 331
GENOME NON_GENOME PIN 331: GENOME NON_GENOME PIN 332
GENOME NON_GENOME PIN 334: GENOME NON_GENOME PIN 333
GENOME NON_GENOME PIN 333: GENOME NON_GENOME PIN 334
GENOME NON_GENOME PIN 371: GENOME NON_GENOME PIN 370
GENOME NON_GENOME PIN 370: GENOME NON_GENOME PIN 371
GENOME NON_GENOME PIN 373: GENOME NON_GENOME PIN 372
GENOME NON_GENOME PIN 372: GENOME NON_GENOME PIN 373
GENOME NON_GENOME PIN 485: GENOME NON_GENOME PIN 484
GENOME NON_GENOME PIN 484: GENOME NON_GENOME PIN 485
GENOME NON_GENOME PIN 1087: GENOME NON_GENOME PIN 1091
GENOME NON_GENOME PIN 1091: GENOME NON_GENOME PIN 1087
INST tetris_logic__GB6 PIN 541: GENOME tetris_logic__GB6 PIN 541 INST tetris_logic__GB4 PIN 10 TYPE 5
INST tetris_logic__GB6 PIN 537: GENOME tetris_logic__GB6 PIN 537
GENOME NON_GENOME PIN 537: GENOME NON_GENOME PIN 541
GENOME NON_GENOME PIN 541: GENOME NON_GENOME PIN 537
INST top_module__GC0 PIN 88: GENOME top_module__GC0 PIN 88
INST tetris_logic__GB4 PIN 98: INST tetris_logic__GB0 PIN 3889 TYPE 0 GENOME tetris_logic__GB4 PIN 98
INST tetris_logic__GB5 PIN 20: INST tetris_logic__GB0 PIN 3893 TYPE 0 GENOME tetris_logic__GB5 PIN 20
INST tetris_logic__GB4 PIN 94: INST tetris_logic__GB0 PIN 3897 TYPE 0 GENOME tetris_logic__GB4 PIN 94
INST tetris_logic__GB5 PIN 16: INST tetris_logic__GB0 PIN 3901 TYPE 0 GENOME tetris_logic__GB5 PIN 16
INST tetris_logic__GB5 PIN 12: INST tetris_logic__GB0 PIN 3905 TYPE 0 GENOME tetris_logic__GB5 PIN 12
INST tetris_logic__GB4 PIN 90: INST tetris_logic__GB0 PIN 3909 TYPE 0 GENOME tetris_logic__GB4 PIN 90
INST tetris_logic__GB5 PIN 8: INST tetris_logic__GB0 PIN 3913 TYPE 0 GENOME tetris_logic__GB5 PIN 8
INST tetris_logic__GB4 PIN 67: INST tetris_logic__GB0 PIN 3917 TYPE 0 GENOME tetris_logic__GB4 PIN 67
INST tetris_logic__GB5 PIN 1: INST tetris_logic__GB0 PIN 3921 TYPE 0 GENOME tetris_logic__GB5 PIN 1
INST tetris_logic__GB0 PIN 3889: GENOME tetris_logic__GB0 PIN 3889
INST tetris_logic__GB0 PIN 3893: GENOME tetris_logic__GB0 PIN 3893
INST tetris_logic__GB0 PIN 3897: GENOME tetris_logic__GB0 PIN 3897
INST tetris_logic__GB0 PIN 3901: GENOME tetris_logic__GB0 PIN 3901
INST tetris_logic__GB0 PIN 3905: GENOME tetris_logic__GB0 PIN 3905
INST tetris_logic__GB0 PIN 3909: GENOME tetris_logic__GB0 PIN 3909
INST tetris_logic__GB0 PIN 3913: GENOME tetris_logic__GB0 PIN 3913
INST tetris_logic__GB0 PIN 3917: GENOME tetris_logic__GB0 PIN 3917
INST tetris_logic__GB0 PIN 3921: GENOME tetris_logic__GB0 PIN 3921
INST tetris_logic__GB0 PIN 1457: INST top_module__GC0 PIN 52 TYPE 0 GENOME tetris_logic__GB0 PIN 1457
INST tetris_logic__GB0 PIN 1453: INST top_module__GC0 PIN 56 TYPE 0 GENOME tetris_logic__GB0 PIN 1453
INST tetris_logic__GB0 PIN 1449: INST top_module__GC0 PIN 60 TYPE 0 GENOME tetris_logic__GB0 PIN 1449
INST tetris_logic__GB0 PIN 1445: INST top_module__GC0 PIN 64 TYPE 0 GENOME tetris_logic__GB0 PIN 1445
INST tetris_logic__GB0 PIN 1441: INST top_module__GC0 PIN 68 TYPE 0 GENOME tetris_logic__GB0 PIN 1441
INST tetris_logic__GB0 PIN 1437: INST top_module__GC0 PIN 72 TYPE 0 GENOME tetris_logic__GB0 PIN 1437
INST tetris_logic__GB0 PIN 1433: INST top_module__GC0 PIN 76 TYPE 0 GENOME tetris_logic__GB0 PIN 1433
INST tetris_logic__GB0 PIN 1429: INST top_module__GC0 PIN 80 TYPE 0 GENOME tetris_logic__GB0 PIN 1429
INST tetris_logic__GB0 PIN 1425: INST top_module__GC0 PIN 84 TYPE 0 GENOME tetris_logic__GB0 PIN 1425
INST top_module__GC0 PIN 52: GENOME top_module__GC0 PIN 52
INST top_module__GC0 PIN 56: GENOME top_module__GC0 PIN 56
INST top_module__GC0 PIN 60: GENOME top_module__GC0 PIN 60
INST top_module__GC0 PIN 64: GENOME top_module__GC0 PIN 64
INST top_module__GC0 PIN 68: GENOME top_module__GC0 PIN 68
INST top_module__GC0 PIN 72: GENOME top_module__GC0 PIN 72
INST top_module__GC0 PIN 76: GENOME top_module__GC0 PIN 76
INST top_module__GC0 PIN 80: GENOME top_module__GC0 PIN 80
INST top_module__GC0 PIN 84: GENOME top_module__GC0 PIN 84
GENOME NON_GENOME PIN 520: GENOME NON_GENOME PIN 44
GENOME NON_GENOME PIN 44: GENOME NON_GENOME PIN 520
INST tetris_logic__GB0 PIN 5: INST tetris_logic__GB4 PIN 44 TYPE 3 INST tetris_logic__GB2 PIN 1524 TYPE 4
